<?xml version="1.0" encoding="UTF-8" ?>
<testsuite tests="4" failures="0" name="com.mycompany.procalculator.CalculatorTest" time="0.003" errors="0" skipped="0">
  <properties>
[...]
</properties>
  <testcase classname="com.mycompany.procalculator.CalculatorTest" name="testResta" time="0.003"/>
  <testcase classname="com.mycompany.procalculator.CalculatorTest" name="testSuma" time="0"/>
  <testcase classname="com.mycompany.procalculator.CalculatorTest" name="testProducto" time="0"/>
  <testcase classname="com.mycompany.procalculator.CalculatorTest" name="testDivision" time="0"/>
</testsuite>